# JRE version: OpenJDK Runtime Environment (21.0.3) (build 21.0.3+-12282718-b509.11)
# Java VM: OpenJDK 64-Bit Server VM (21.0.3+-12282718-b509.11, mixed mode, tiered, compressed oops, compressed class ptrs, g1 gc, windows-amd64)
GC Precious Log:
 CardTable entry size: 512
 Card Set container configuration: InlinePtr #cards 5 size 8 Array Of Cards #cards 12 size 40 Howl #buckets 4 coarsen threshold 1843 Howl Bitmap #cards 512 size 80 coarsen threshold 460 Card regions per heap region 1 cards per card region 2048
 CPUs: 12 total, 12 available
 Memory: 14181M
 Large Page Support: Disabled
 NUMA Support: Disabled
 Compressed Oops: Enabled (32-bit)
 Heap Region Size: 1M
 Heap Min Capacity: 8M
 Heap Initial Capacity: 222M
 Heap Max Capacity: 2G
 Pre-touch: Disabled
 Parallel Workers: 10
 Concurrent Workers: 3
 Concurrent Refinement Workers: 10
 Periodic GC: Disabled
Heap:
 garbage-first heap   total 327680K, used 153948K [0x0000000080000000, 0x0000000100000000)
  region size 1024K, 11 young (11264K), 11 survivors (11264K)
 Metaspace       used 151636K, committed 153920K, reserved 1245184K
  class space    used 19416K, committed 20544K, reserved 1048576K
GC Heap History (20 events):
Event: 19.014 GC heap after
{Heap after GC invocations=38 (full 0):
 garbage-first heap   total 214016K, used 130556K [0x0000000080000000, 0x0000000100000000)
  region size 1024K, 6 young (6144K), 6 survivors (6144K)
 Metaspace       used 133559K, committed 135680K, reserved 1179648K
  class space    used 17136K, committed 18176K, reserved 1048576K
}
Event: 20.221 GC heap before
{Heap before GC invocations=38 (full 0):
 garbage-first heap   total 214016K, used 196092K [0x0000000080000000, 0x0000000100000000)
  region size 1024K, 70 young (71680K), 6 survivors (6144K)
 Metaspace       used 140754K, committed 143040K, reserved 1179648K
  class space    used 18132K, committed 19264K, reserved 1048576K
}
Event: 20.230 GC heap after
{Heap after GC invocations=39 (full 0):
 garbage-first heap   total 214016K, used 131700K [0x0000000080000000, 0x0000000100000000)
  region size 1024K, 5 young (5120K), 5 survivors (5120K)
 Metaspace       used 140754K, committed 143040K, reserved 1179648K
  class space    used 18132K, committed 19264K, reserved 1048576K
}
Event: 20.493 GC heap before
{Heap before GC invocations=39 (full 0):
 garbage-first heap   total 214016K, used 156276K [0x0000000080000000, 0x0000000100000000)
  region size 1024K, 30 young (30720K), 5 survivors (5120K)
 Metaspace       used 141453K, committed 143680K, reserved 1179648K
  class space    used 18211K, committed 19328K, reserved 1048576K
}
Event: 20.500 GC heap after
{Heap after GC invocations=40 (full 0):
 garbage-first heap   total 214016K, used 135750K [0x0000000080000000, 0x0000000100000000)
  region size 1024K, 9 young (9216K), 9 survivors (9216K)
 Metaspace       used 141453K, committed 143680K, reserved 1179648K
  class space    used 18211K, committed 19328K, reserved 1048576K
}
Event: 20.871 GC heap before
{Heap before GC invocations=41 (full 0):
 garbage-first heap   total 265216K, used 188998K [0x0000000080000000, 0x0000000100000000)
  region size 1024K, 61 young (62464K), 9 survivors (9216K)
 Metaspace       used 141895K, committed 144128K, reserved 1179648K
  class space    used 18238K, committed 19328K, reserved 1048576K
}
Event: 20.879 GC heap after
{Heap after GC invocations=42 (full 0):
 garbage-first heap   total 265216K, used 139264K [0x0000000080000000, 0x0000000100000000)
  region size 1024K, 8 young (8192K), 8 survivors (8192K)
 Metaspace       used 141895K, committed 144128K, reserved 1179648K
  class space    used 18238K, committed 19328K, reserved 1048576K
}
Event: 28.240 GC heap before
{Heap before GC invocations=42 (full 0):
 garbage-first heap   total 265216K, used 236544K [0x0000000080000000, 0x0000000100000000)
  region size 1024K, 102 young (104448K), 8 survivors (8192K)
 Metaspace       used 151344K, committed 153600K, reserved 1245184K
  class space    used 19415K, committed 20544K, reserved 1048576K
}
Event: 28.258 GC heap after
{Heap after GC invocations=43 (full 0):
 garbage-first heap   total 265216K, used 140541K [0x0000000080000000, 0x0000000100000000)
  region size 1024K, 13 young (13312K), 13 survivors (13312K)
 Metaspace       used 151344K, committed 153600K, reserved 1245184K
  class space    used 19415K, committed 20544K, reserved 1048576K
}
Event: 28.603 GC heap before
{Heap before GC invocations=43 (full 0):
 garbage-first heap   total 265216K, used 229629K [0x0000000080000000, 0x0000000100000000)
  region size 1024K, 102 young (104448K), 13 survivors (13312K)
 Metaspace       used 151473K, committed 153792K, reserved 1245184K
  class space    used 19416K, committed 20544K, reserved 1048576K
}
Event: 28.617 GC heap after
{Heap after GC invocations=44 (full 0):
 garbage-first heap   total 265216K, used 144523K [0x0000000080000000, 0x0000000100000000)
  region size 1024K, 5 young (5120K), 5 survivors (5120K)
 Metaspace       used 151473K, committed 153792K, reserved 1245184K
  class space    used 19416K, committed 20544K, reserved 1048576K
}
Event: 28.886 GC heap before
{Heap before GC invocations=45 (full 0):
 garbage-first heap   total 293888K, used 241803K [0x0000000080000000, 0x0000000100000000)
  region size 1024K, 97 young (99328K), 5 survivors (5120K)
 Metaspace       used 151505K, committed 153792K, reserved 1245184K
  class space    used 19416K, committed 20544K, reserved 1048576K
}
Event: 28.895 GC heap after
{Heap after GC invocations=46 (full 0):
 garbage-first heap   total 293888K, used 150034K [0x0000000080000000, 0x0000000100000000)
  region size 1024K, 7 young (7168K), 7 survivors (7168K)
 Metaspace       used 151505K, committed 153792K, reserved 1245184K
  class space    used 19416K, committed 20544K, reserved 1048576K
}
Event: 29.147 GC heap before
{Heap before GC invocations=46 (full 0):
 garbage-first heap   total 293888K, used 267794K [0x0000000080000000, 0x0000000100000000)
  region size 1024K, 123 young (125952K), 7 survivors (7168K)
 Metaspace       used 151553K, committed 153856K, reserved 1245184K
  class space    used 19416K, committed 20544K, reserved 1048576K
}
Event: 29.156 GC heap after
{Heap after GC invocations=47 (full 0):
 garbage-first heap   total 293888K, used 149525K [0x0000000080000000, 0x0000000100000000)
  region size 1024K, 10 young (10240K), 10 survivors (10240K)
 Metaspace       used 151553K, committed 153856K, reserved 1245184K
  class space    used 19416K, committed 20544K, reserved 1048576K
}
Event: 29.354 GC heap before
{Heap before GC invocations=47 (full 0):
 garbage-first heap   total 293888K, used 266261K [0x0000000080000000, 0x0000000100000000)
  region size 1024K, 125 young (128000K), 10 survivors (10240K)
 Metaspace       used 151588K, committed 153856K, reserved 1245184K
  class space    used 19416K, committed 20544K, reserved 1048576K
}
Event: 29.363 GC heap after
{Heap after GC invocations=48 (full 0):
 garbage-first heap   total 293888K, used 153492K [0x0000000080000000, 0x0000000100000000)
  region size 1024K, 11 young (11264K), 11 survivors (11264K)
 Metaspace       used 151588K, committed 153856K, reserved 1245184K
  class space    used 19416K, committed 20544K, reserved 1048576K
}
Event: 29.560 GC heap before
{Heap before GC invocations=49 (full 0):
 garbage-first heap   total 327680K, used 263060K [0x0000000080000000, 0x0000000100000000)
  region size 1024K, 121 young (123904K), 11 survivors (11264K)
 Metaspace       used 151615K, committed 153920K, reserved 1245184K
  class space    used 19416K, committed 20544K, reserved 1048576K
}
Event: 29.570 GC heap after
{Heap after GC invocations=50 (full 0):
 garbage-first heap   total 327680K, used 157695K [0x0000000080000000, 0x0000000100000000)
  region size 1024K, 15 young (15360K), 15 survivors (15360K)
 Metaspace       used 151615K, committed 153920K, reserved 1245184K
  class space    used 19416K, committed 20544K, reserved 1048576K
}
Event: 29.781 GC heap before
{Heap before GC invocations=50 (full 0):
 garbage-first heap   total 327680K, used 294911K [0x0000000080000000, 0x0000000100000000)
  region size 1024K, 150 young (153600K), 15 survivors (15360K)
 Metaspace       used 151636K, committed 153920K, reserved 1245184K
  class space    used 19416K, committed 20544K, reserved 1048576K
}

