# JRE version: OpenJDK Runtime Environment (21.0.3) (build 21.0.3+-12282718-b509.11)
# Java VM: OpenJDK 64-Bit Server VM (21.0.3+-12282718-b509.11, mixed mode, tiered, compressed oops, compressed class ptrs, g1 gc, windows-amd64)
GC Precious Log:
 CardTable entry size: 512
 Card Set container configuration: InlinePtr #cards 5 size 8 Array Of Cards #cards 12 size 40 Howl #buckets 4 coarsen threshold 1843 Howl Bitmap #cards 512 size 80 coarsen threshold 460 Card regions per heap region 1 cards per card region 2048
 CPUs: 12 total, 12 available
 Memory: 14181M
 Large Page Support: Disabled
 NUMA Support: Disabled
 Compressed Oops: Enabled (32-bit)
 Heap Region Size: 1M
 Heap Min Capacity: 8M
 Heap Initial Capacity: 222M
 Heap Max Capacity: 2G
 Pre-touch: Disabled
 Parallel Workers: 10
 Concurrent Workers: 3
 Concurrent Refinement Workers: 10
 Periodic GC: Disabled
Heap:
 garbage-first heap   total 304128K, used 196096K [0x0000000080000000, 0x0000000100000000)
  region size 1024K, 24 young (24576K), 5 survivors (5120K)
 Metaspace       used 132593K, committed 135040K, reserved 1179648K
  class space    used 17626K, committed 18880K, reserved 1048576K
GC Heap History (20 events):
Event: 14.547 GC heap before
{Heap before GC invocations=27 (full 0):
 garbage-first heap   total 158720K, used 141288K [0x0000000080000000, 0x0000000100000000)
  region size 1024K, 41 young (41984K), 7 survivors (7168K)
 Metaspace       used 80150K, committed 81984K, reserved 1179648K
  class space    used 10803K, committed 11712K, reserved 1048576K
}
Event: 14.555 GC heap after
{Heap after GC invocations=28 (full 0):
 garbage-first heap   total 158720K, used 108305K [0x0000000080000000, 0x0000000100000000)
  region size 1024K, 2 young (2048K), 2 survivors (2048K)
 Metaspace       used 80150K, committed 81984K, reserved 1179648K
  class space    used 10803K, committed 11712K, reserved 1048576K
}
Event: 15.072 GC heap before
{Heap before GC invocations=28 (full 0):
 garbage-first heap   total 158720K, used 145169K [0x0000000080000000, 0x0000000100000000)
  region size 1024K, 39 young (39936K), 2 survivors (2048K)
 Metaspace       used 84645K, committed 86592K, reserved 1179648K
  class space    used 11432K, committed 12416K, reserved 1048576K
}
Event: 15.076 GC heap after
{Heap after GC invocations=29 (full 0):
 garbage-first heap   total 158720K, used 110810K [0x0000000080000000, 0x0000000100000000)
  region size 1024K, 4 young (4096K), 4 survivors (4096K)
 Metaspace       used 84645K, committed 86592K, reserved 1179648K
  class space    used 11432K, committed 12416K, reserved 1048576K
}
Event: 15.394 GC heap before
{Heap before GC invocations=30 (full 0):
 garbage-first heap   total 209920K, used 146650K [0x0000000080000000, 0x0000000100000000)
  region size 1024K, 35 young (35840K), 4 survivors (4096K)
 Metaspace       used 86136K, committed 88128K, reserved 1179648K
  class space    used 11656K, committed 12672K, reserved 1048576K
}
Event: 15.399 GC heap after
{Heap after GC invocations=31 (full 0):
 garbage-first heap   total 209920K, used 115051K [0x0000000080000000, 0x0000000100000000)
  region size 1024K, 4 young (4096K), 4 survivors (4096K)
 Metaspace       used 86136K, committed 88128K, reserved 1179648K
  class space    used 11656K, committed 12672K, reserved 1048576K
}
Event: 16.245 GC heap before
{Heap before GC invocations=31 (full 0):
 garbage-first heap   total 209920K, used 177515K [0x0000000080000000, 0x0000000100000000)
  region size 1024K, 62 young (63488K), 4 survivors (4096K)
 Metaspace       used 91523K, committed 93440K, reserved 1179648K
  class space    used 12357K, committed 13312K, reserved 1048576K
}
Event: 16.252 GC heap after
{Heap after GC invocations=32 (full 0):
 garbage-first heap   total 251904K, used 122008K [0x0000000080000000, 0x0000000100000000)
  region size 1024K, 8 young (8192K), 8 survivors (8192K)
 Metaspace       used 91523K, committed 93440K, reserved 1179648K
  class space    used 12357K, committed 13312K, reserved 1048576K
}
Event: 17.591 GC heap before
{Heap before GC invocations=32 (full 0):
 garbage-first heap   total 251904K, used 211096K [0x0000000080000000, 0x0000000100000000)
  region size 1024K, 87 young (89088K), 8 survivors (8192K)
 Metaspace       used 100455K, committed 102464K, reserved 1179648K
  class space    used 13921K, committed 14912K, reserved 1048576K
}
Event: 17.601 GC heap after
{Heap after GC invocations=33 (full 0):
 garbage-first heap   total 251904K, used 126476K [0x0000000080000000, 0x0000000100000000)
  region size 1024K, 8 young (8192K), 8 survivors (8192K)
 Metaspace       used 100455K, committed 102464K, reserved 1179648K
  class space    used 13921K, committed 14912K, reserved 1048576K
}
Event: 19.309 GC heap before
{Heap before GC invocations=33 (full 0):
 garbage-first heap   total 251904K, used 219660K [0x0000000080000000, 0x0000000100000000)
  region size 1024K, 99 young (101376K), 8 survivors (8192K)
 Metaspace       used 103387K, committed 105344K, reserved 1179648K
  class space    used 14169K, committed 15168K, reserved 1048576K
}
Event: 19.315 GC heap after
{Heap after GC invocations=34 (full 0):
 garbage-first heap   total 251904K, used 127650K [0x0000000080000000, 0x0000000100000000)
  region size 1024K, 6 young (6144K), 6 survivors (6144K)
 Metaspace       used 103387K, committed 105344K, reserved 1179648K
  class space    used 14169K, committed 15168K, reserved 1048576K
}
Event: 21.988 GC heap before
{Heap before GC invocations=34 (full 0):
 garbage-first heap   total 251904K, used 226978K [0x0000000080000000, 0x0000000100000000)
  region size 1024K, 103 young (105472K), 6 survivors (6144K)
 Metaspace       used 112447K, committed 114496K, reserved 1179648K
  class space    used 15271K, committed 16320K, reserved 1048576K
}
Event: 21.995 GC heap after
{Heap after GC invocations=35 (full 0):
 garbage-first heap   total 251904K, used 129924K [0x0000000080000000, 0x0000000100000000)
  region size 1024K, 8 young (8192K), 8 survivors (8192K)
 Metaspace       used 112447K, committed 114496K, reserved 1179648K
  class space    used 15271K, committed 16320K, reserved 1048576K
}
Event: 22.637 GC heap before
{Heap before GC invocations=36 (full 0):
 garbage-first heap   total 251904K, used 236420K [0x0000000080000000, 0x0000000100000000)
  region size 1024K, 105 young (107520K), 8 survivors (8192K)
 Metaspace       used 114335K, committed 116480K, reserved 1179648K
  class space    used 15500K, committed 16576K, reserved 1048576K
}
Event: 22.658 GC heap after
{Heap after GC invocations=37 (full 0):
 garbage-first heap   total 271360K, used 156302K [0x0000000080000000, 0x0000000100000000)
  region size 1024K, 14 young (14336K), 14 survivors (14336K)
 Metaspace       used 114335K, committed 116480K, reserved 1179648K
  class space    used 15500K, committed 16576K, reserved 1048576K
}
Event: 23.938 GC heap before
{Heap before GC invocations=37 (full 0):
 garbage-first heap   total 271360K, used 242318K [0x0000000080000000, 0x0000000100000000)
  region size 1024K, 91 young (93184K), 14 survivors (14336K)
 Metaspace       used 121351K, committed 123456K, reserved 1179648K
  class space    used 16265K, committed 17344K, reserved 1048576K
}
Event: 23.959 GC heap after
{Heap after GC invocations=38 (full 0):
 garbage-first heap   total 271360K, used 172222K [0x0000000080000000, 0x0000000100000000)
  region size 1024K, 9 young (9216K), 9 survivors (9216K)
 Metaspace       used 121351K, committed 123456K, reserved 1179648K
  class space    used 16265K, committed 17344K, reserved 1048576K
}
Event: 25.173 GC heap before
{Heap before GC invocations=38 (full 0):
 garbage-first heap   total 271360K, used 241854K [0x0000000080000000, 0x0000000100000000)
  region size 1024K, 77 young (78848K), 9 survivors (9216K)
 Metaspace       used 129562K, committed 131968K, reserved 1179648K
  class space    used 17221K, committed 18432K, reserved 1048576K
}
Event: 25.182 GC heap after
{Heap after GC invocations=39 (full 0):
 garbage-first heap   total 271360K, used 177664K [0x0000000080000000, 0x0000000100000000)
  region size 1024K, 5 young (5120K), 5 survivors (5120K)
 Metaspace       used 129562K, committed 131968K, reserved 1179648K
  class space    used 17221K, committed 18432K, reserved 1048576K
}

