# JRE version: OpenJDK Runtime Environment (21.0.3) (build 21.0.3+-12282718-b509.11)
# Java VM: OpenJDK 64-Bit Server VM (21.0.3+-12282718-b509.11, mixed mode, tiered, compressed oops, compressed class ptrs, g1 gc, windows-amd64)
GC Precious Log:
 CardTable entry size: 512
 Card Set container configuration: InlinePtr #cards 5 size 8 Array Of Cards #cards 12 size 40 Howl #buckets 4 coarsen threshold 1843 Howl Bitmap #cards 512 size 80 coarsen threshold 460 Card regions per heap region 1 cards per card region 2048
 CPUs: 12 total, 12 available
 Memory: 14181M
 Large Page Support: Disabled
 NUMA Support: Disabled
 Compressed Oops: Enabled (32-bit)
 Heap Region Size: 1M
 Heap Min Capacity: 8M
 Heap Initial Capacity: 222M
 Heap Max Capacity: 2G
 Pre-touch: Disabled
 Parallel Workers: 10
 Concurrent Workers: 3
 Concurrent Refinement Workers: 10
 Periodic GC: Disabled
Heap:
 garbage-first heap   total 99328K, used 54091K [0x0000000080000000, 0x0000000100000000)
  region size 1024K, 3 young (3072K), 3 survivors (3072K)
 Metaspace       used 54339K, committed 55808K, reserved 1114112K
  class space    used 7418K, committed 8128K, reserved 1048576K
GC Heap History (20 events):
Event: 0.669 GC heap after
{Heap after GC invocations=1 (full 0):
 garbage-first heap   total 227328K, used 4208K [0x0000000080000000, 0x0000000100000000)
  region size 1024K, 3 young (3072K), 3 survivors (3072K)
 Metaspace       used 7945K, committed 8128K, reserved 1114112K
  class space    used 713K, committed 768K, reserved 1048576K
}
Event: 1.361 GC heap before
{Heap before GC invocations=1 (full 0):
 garbage-first heap   total 227328K, used 41072K [0x0000000080000000, 0x0000000100000000)
  region size 1024K, 36 young (36864K), 3 survivors (3072K)
 Metaspace       used 12096K, committed 12288K, reserved 1114112K
  class space    used 1286K, committed 1408K, reserved 1048576K
}
Event: 1.365 GC heap after
{Heap after GC invocations=2 (full 0):
 garbage-first heap   total 227328K, used 12262K [0x0000000080000000, 0x0000000100000000)
  region size 1024K, 4 young (4096K), 4 survivors (4096K)
 Metaspace       used 12096K, committed 12288K, reserved 1114112K
  class space    used 1286K, committed 1408K, reserved 1048576K
}
Event: 2.124 GC heap before
{Heap before GC invocations=2 (full 0):
 garbage-first heap   total 227328K, used 61414K [0x0000000080000000, 0x0000000100000000)
  region size 1024K, 50 young (51200K), 4 survivors (4096K)
 Metaspace       used 15029K, committed 15232K, reserved 1114112K
  class space    used 1663K, committed 1792K, reserved 1048576K
}
Event: 2.129 GC heap after
{Heap after GC invocations=3 (full 0):
 garbage-first heap   total 227328K, used 18665K [0x0000000080000000, 0x0000000100000000)
  region size 1024K, 7 young (7168K), 7 survivors (7168K)
 Metaspace       used 15029K, committed 15232K, reserved 1114112K
  class space    used 1663K, committed 1792K, reserved 1048576K
}
Event: 2.664 GC heap before
{Heap before GC invocations=3 (full 0):
 garbage-first heap   total 227328K, used 38121K [0x0000000080000000, 0x0000000100000000)
  region size 1024K, 27 young (27648K), 7 survivors (7168K)
 Metaspace       used 21171K, committed 21504K, reserved 1114112K
  class space    used 2449K, committed 2624K, reserved 1048576K
}
Event: 2.669 GC heap after
{Heap after GC invocations=4 (full 0):
 garbage-first heap   total 227328K, used 21298K [0x0000000080000000, 0x0000000100000000)
  region size 1024K, 10 young (10240K), 10 survivors (10240K)
 Metaspace       used 21171K, committed 21504K, reserved 1114112K
  class space    used 2449K, committed 2624K, reserved 1048576K
}
Event: 3.894 GC heap before
{Heap before GC invocations=5 (full 0):
 garbage-first heap   total 81920K, used 79666K [0x0000000080000000, 0x0000000100000000)
  region size 1024K, 68 young (69632K), 10 survivors (10240K)
 Metaspace       used 30632K, committed 31232K, reserved 1114112K
  class space    used 3998K, committed 4288K, reserved 1048576K
}
Event: 3.901 GC heap after
{Heap after GC invocations=6 (full 0):
 garbage-first heap   total 96256K, used 24927K [0x0000000080000000, 0x0000000100000000)
  region size 1024K, 11 young (11264K), 11 survivors (11264K)
 Metaspace       used 30632K, committed 31232K, reserved 1114112K
  class space    used 3998K, committed 4288K, reserved 1048576K
}
Event: 4.479 GC heap before
{Heap before GC invocations=6 (full 0):
 garbage-first heap   total 96256K, used 72031K [0x0000000080000000, 0x0000000100000000)
  region size 1024K, 48 young (49152K), 11 survivors (11264K)
 Metaspace       used 35148K, committed 35968K, reserved 1114112K
  class space    used 4770K, committed 5184K, reserved 1048576K
}
Event: 4.486 GC heap after
{Heap after GC invocations=7 (full 0):
 garbage-first heap   total 96256K, used 40887K [0x0000000080000000, 0x0000000100000000)
  region size 1024K, 7 young (7168K), 7 survivors (7168K)
 Metaspace       used 35148K, committed 35968K, reserved 1114112K
  class space    used 4770K, committed 5184K, reserved 1048576K
}
Event: 4.560 GC heap before
{Heap before GC invocations=7 (full 0):
 garbage-first heap   total 96256K, used 44983K [0x0000000080000000, 0x0000000100000000)
  region size 1024K, 11 young (11264K), 7 survivors (7168K)
 Metaspace       used 35425K, committed 36288K, reserved 1114112K
  class space    used 4813K, committed 5248K, reserved 1048576K
}
Event: 4.563 GC heap after
{Heap after GC invocations=8 (full 0):
 garbage-first heap   total 96256K, used 44096K [0x0000000080000000, 0x0000000100000000)
  region size 1024K, 2 young (2048K), 2 survivors (2048K)
 Metaspace       used 35425K, committed 36288K, reserved 1114112K
  class space    used 4813K, committed 5248K, reserved 1048576K
}
Event: 5.174 GC heap before
{Heap before GC invocations=9 (full 0):
 garbage-first heap   total 96256K, used 81984K [0x0000000080000000, 0x0000000100000000)
  region size 1024K, 39 young (39936K), 2 survivors (2048K)
 Metaspace       used 40324K, committed 41408K, reserved 1114112K
  class space    used 5616K, committed 6144K, reserved 1048576K
}
Event: 5.177 GC heap after
{Heap after GC invocations=10 (full 0):
 garbage-first heap   total 96256K, used 45397K [0x0000000080000000, 0x0000000100000000)
  region size 1024K, 3 young (3072K), 3 survivors (3072K)
 Metaspace       used 40324K, committed 41408K, reserved 1114112K
  class space    used 5616K, committed 6144K, reserved 1048576K
}
Event: 5.816 GC heap before
{Heap before GC invocations=10 (full 0):
 garbage-first heap   total 96256K, used 84309K [0x0000000080000000, 0x0000000100000000)
  region size 1024K, 41 young (41984K), 3 survivors (3072K)
 Metaspace       used 48078K, committed 49408K, reserved 1114112K
  class space    used 6634K, committed 7296K, reserved 1048576K
}
Event: 5.821 GC heap after
{Heap after GC invocations=11 (full 0):
 garbage-first heap   total 96256K, used 48837K [0x0000000080000000, 0x0000000100000000)
  region size 1024K, 6 young (6144K), 6 survivors (6144K)
 Metaspace       used 48078K, committed 49408K, reserved 1114112K
  class space    used 6634K, committed 7296K, reserved 1048576K
}
Event: 6.081 GC heap before
{Heap before GC invocations=11 (full 0):
 garbage-first heap   total 96256K, used 79557K [0x0000000080000000, 0x0000000100000000)
  region size 1024K, 38 young (38912K), 6 survivors (6144K)
 Metaspace       used 49614K, committed 50944K, reserved 1114112K
  class space    used 6762K, committed 7424K, reserved 1048576K
}
Event: 6.087 GC heap after
{Heap after GC invocations=12 (full 0):
 garbage-first heap   total 96256K, used 52511K [0x0000000080000000, 0x0000000100000000)
  region size 1024K, 4 young (4096K), 4 survivors (4096K)
 Metaspace       used 49614K, committed 50944K, reserved 1114112K
  class space    used 6762K, committed 7424K, reserved 1048576K
}
Event: 6.683 GC heap before
{Heap before GC invocations=13 (full 0):
 garbage-first heap   total 99328K, used 90399K [0x0000000080000000, 0x0000000100000000)
  region size 1024K, 36 young (36864K), 4 survivors (4096K)
 Metaspace       used 54339K, committed 55808K, reserved 1114112K
  class space    used 7418K, committed 8128K, reserved 1048576K
}

